make --dry-run --always-make --keep-going --print-directory
make: Entering directory `/Users/temi/Developer/GameBoyEmu'
/usr/bin/cmake -S/workspaces/GameBoyEmu -B/workspaces/GameBoyEmu --check-build-system CMakeFiles/Makefile.cmake 0
/usr/bin/cmake -E cmake_progress_start /workspaces/GameBoyEmu/CMakeFiles /workspaces/GameBoyEmu//CMakeFiles/progress.marks
/Library/Developer/CommandLineTools/usr/bin/make -s -f CMakeFiles/Makefile2 all
make[1]: Entering directory `/Users/temi/Developer/GameBoyEmu'
/Library/Developer/CommandLineTools/usr/bin/make -s -f src/CMakeFiles/main.dir/build.make src/CMakeFiles/main.dir/depend
make[2]: Entering directory `/Users/temi/Developer/GameBoyEmu'
cd /workspaces/GameBoyEmu && /usr/bin/cmake -E cmake_depends "Unix Makefiles" /workspaces/GameBoyEmu /workspaces/GameBoyEmu/src /workspaces/GameBoyEmu /workspaces/GameBoyEmu/src /workspaces/GameBoyEmu/src/CMakeFiles/main.dir/DependInfo.cmake --color=
make[2]: Leaving directory `/Users/temi/Developer/GameBoyEmu'
/Library/Developer/CommandLineTools/usr/bin/make -s -f src/CMakeFiles/main.dir/build.make src/CMakeFiles/main.dir/build
make[2]: Entering directory `/Users/temi/Developer/GameBoyEmu'
/usr/bin/cmake -E cmake_echo_color --switch= --green --progress-dir=/workspaces/GameBoyEmu/CMakeFiles --progress-num=1 "Building CXX object src/CMakeFiles/main.dir/main.o"
cd /workspaces/GameBoyEmu/src && /usr/bin/c++  -I/workspaces/GameBoyEmu/include -I/root/.conan/data/spdlog/1.10.0/_/_/package/ebfe6bf659cecc24b8d46bc0138b61c2f32994c9/include -I/root/.conan/data/fmt/8.1.1/_/_/package/75884ca7ea74925b5b3662be7401009979be1380/include -DSPDLOG_FMT_EXTERNAL -DSPDLOG_COMPILED_LIB -std=gnu++11 -MD -MT src/CMakeFiles/main.dir/main.o -MF CMakeFiles/main.dir/main.o.d -o CMakeFiles/main.dir/main.o -c /workspaces/GameBoyEmu/src/main.cpp
/usr/bin/cmake -E cmake_echo_color --switch= --green --progress-dir=/workspaces/GameBoyEmu/CMakeFiles --progress-num=2 "Building CXX object src/CMakeFiles/main.dir/cpu.o"
cd /workspaces/GameBoyEmu/src && /usr/bin/c++  -I/workspaces/GameBoyEmu/include -I/root/.conan/data/spdlog/1.10.0/_/_/package/ebfe6bf659cecc24b8d46bc0138b61c2f32994c9/include -I/root/.conan/data/fmt/8.1.1/_/_/package/75884ca7ea74925b5b3662be7401009979be1380/include -DSPDLOG_FMT_EXTERNAL -DSPDLOG_COMPILED_LIB -std=gnu++11 -MD -MT src/CMakeFiles/main.dir/cpu.o -MF CMakeFiles/main.dir/cpu.o.d -o CMakeFiles/main.dir/cpu.o -c /workspaces/GameBoyEmu/src/cpu.cpp
/usr/bin/cmake -E cmake_echo_color --switch= --green --progress-dir=/workspaces/GameBoyEmu/CMakeFiles --progress-num=3 "Building CXX object src/CMakeFiles/main.dir/memory.o"
cd /workspaces/GameBoyEmu/src && /usr/bin/c++  -I/workspaces/GameBoyEmu/include -I/root/.conan/data/spdlog/1.10.0/_/_/package/ebfe6bf659cecc24b8d46bc0138b61c2f32994c9/include -I/root/.conan/data/fmt/8.1.1/_/_/package/75884ca7ea74925b5b3662be7401009979be1380/include -DSPDLOG_FMT_EXTERNAL -DSPDLOG_COMPILED_LIB -std=gnu++11 -MD -MT src/CMakeFiles/main.dir/memory.o -MF CMakeFiles/main.dir/memory.o.d -o CMakeFiles/main.dir/memory.o -c /workspaces/GameBoyEmu/src/memory.cpp
/usr/bin/cmake -E cmake_echo_color --switch= --green --bold --progress-dir=/workspaces/GameBoyEmu/CMakeFiles --progress-num=4 "Linking CXX executable bin/main"
cd /workspaces/GameBoyEmu/src && /usr/bin/cmake -E cmake_link_script CMakeFiles/main.dir/link.txt --verbose=
make[2]: Leaving directory `/Users/temi/Developer/GameBoyEmu'
/usr/bin/cmake -E cmake_echo_color --switch= --progress-dir=/workspaces/GameBoyEmu/CMakeFiles --progress-num=1,2,3,4 "Built target main"
make[1]: Leaving directory `/Users/temi/Developer/GameBoyEmu'
/usr/bin/cmake -E cmake_progress_start /workspaces/GameBoyEmu/CMakeFiles 0
make: Leaving directory `/Users/temi/Developer/GameBoyEmu'
 
